<?xml version="1.0" encoding="UTF-8"?>
<testsuite xmlns:xsi="http://www.w3.org/2001/XMLSchema-instance" xsi:noNamespaceSchemaLocation="https://maven.apache.org/surefire/maven-surefire-plugin/xsd/surefire-test-report.xsd" name="testing.calculator.CalculateTest" time="0.099" tests="4" errors="0" skipped="0" failures="0">
  <properties>
[...]
</properties>
  <testcase name="testMultiplication" classname="testing.calculator.CalculateTest" time="0.039"/>
  <testcase name="testAddition" classname="testing.calculator.CalculateTest" time="0.001"/>
  <testcase name="testDivision" classname="testing.calculator.CalculateTest" time="0.002"/>
  <testcase name="testSubtraction" classname="testing.calculator.CalculateTest" time="0.001"/>
</testsuite>