-------------------------------------------------------------------------------
Test set: testing.calculator.AppTest
-------------------------------------------------------------------------------
Tests run: 8, Failures: 1, Errors: 0, Skipped: 0, Time elapsed: 0.11 s <<< FAILURE! - in testing.calculator.AppTest
inputValidOperationDecimalTesting  Time elapsed: 0.017 s  <<< FAILURE!
org.opentest4j.AssertionFailedError: 
expected: <Hasil perhitungan 10 / 4 = 2.5
> but was: <Hasil perhitungan 10 / 4 = 2
>
	at testing.calculator.AppTest.inputValidOperationDecimalTesting(AppTest.java:151)

